2020-11-24 13:53:41.311 INFO  [main]com.MedicalApplication.logStarting:55 -Starting MedicalApplication using Java 1.8.0_202 on DESKTOP-VN7JL54 with PID 7788 (D:\资料文档\项目\后端\medical-parent\medical-base-web\target\classes started by 86188 in D:\资料文档\项目\后端\medical-parent)
2020-11-24 13:53:41.314 INFO  [main]com.MedicalApplication.logStartupProfileInfo:660 -No active profile set, falling back to default profiles: default
2020-11-24 13:53:44.095 INFO  [main]o.s.boot.web.embedded.tomcat.TomcatWebServer.initialize:108 -Tomcat initialized with port(s): 8081 (http)
2020-11-24 13:53:44.105 INFO  [main]org.apache.coyote.http11.Http11NioProtocol.log:173 -Initializing ProtocolHandler ["http-nio-8081"]
2020-11-24 13:53:44.116 INFO  [main]org.apache.catalina.core.StandardService.log:173 -Starting service [Tomcat]
2020-11-24 13:53:44.117 INFO  [main]org.apache.catalina.core.StandardEngine.log:173 -Starting Servlet engine: [Apache Tomcat/9.0.39]
2020-11-24 13:53:44.122 INFO  [main]org.apache.catalina.core.AprLifecycleListener.log:173 -Loaded Apache Tomcat Native library [1.2.23] using APR version [1.7.0].
2020-11-24 13:53:44.123 INFO  [main]org.apache.catalina.core.AprLifecycleListener.log:173 -APR capabilities: IPv6 [true], sendfile [true], accept filters [false], random [true].
2020-11-24 13:53:44.124 INFO  [main]org.apache.catalina.core.AprLifecycleListener.log:173 -APR/OpenSSL configuration: useAprConnector [false], useOpenSSL [true]
2020-11-24 13:53:44.132 INFO  [main]org.apache.catalina.core.AprLifecycleListener.log:173 -OpenSSL successfully initialized [OpenSSL 1.1.1c  28 May 2019]
2020-11-24 13:53:44.221 INFO  [main]o.a.catalina.core.ContainerBase.[Tomcat].[localhost].[/].log:173 -Initializing Spring embedded WebApplicationContext
2020-11-24 13:53:44.221 INFO  [main]o.s.b.w.s.context.ServletWebServerApplicationContext.prepareWebApplicationContext:289 -Root WebApplicationContext: initialization completed in 2857 ms
2020-11-24 13:53:45.231 INFO  [main]s.d.s.web.PropertySourcedRequestMappingHandlerMapping.initHandlerMethods:69 -Mapped URL path [/v2/api-docs] onto method [springfox.documentation.swagger2.web.Swagger2Controller#getDocumentation(String, HttpServletRequest)]
2020-11-24 13:53:45.300 INFO  [main]o.s.scheduling.concurrent.ThreadPoolTaskExecutor.initialize:181 -Initializing ExecutorService 'applicationTaskExecutor'
2020-11-24 13:53:45.465 INFO  [main]org.apache.coyote.http11.Http11NioProtocol.log:173 -Starting ProtocolHandler ["http-nio-8081"]
2020-11-24 13:53:45.480 INFO  [main]o.s.boot.web.embedded.tomcat.TomcatWebServer.start:220 -Tomcat started on port(s): 8081 (http) with context path ''
2020-11-24 13:53:45.481 INFO  [main]s.d.spring.web.plugins.DocumentationPluginsBootstrapper.start:147 -Context refreshed
2020-11-24 13:53:45.494 INFO  [main]s.d.spring.web.plugins.DocumentationPluginsBootstrapper.start:150 -Found 1 custom documentation plugin(s)
2020-11-24 13:53:45.523 INFO  [main]s.d.spring.web.scanners.ApiListingReferenceScanner.scan:41 -Scanning for api listing references
2020-11-24 13:53:45.623 INFO  [main]com.MedicalApplication.logStarted:61 -Started MedicalApplication in 5.022 seconds (JVM running for 6.501)
2020-11-24 13:54:29.405 INFO  [http-nio-8081-exec-1]o.a.catalina.core.ContainerBase.[Tomcat].[localhost].[/].log:173 -Initializing Spring DispatcherServlet 'dispatcherServlet'
2020-11-24 13:54:29.405 INFO  [http-nio-8081-exec-1]org.springframework.web.servlet.DispatcherServlet.initServletBean:525 -Initializing Servlet 'dispatcherServlet'
2020-11-24 13:54:29.408 INFO  [http-nio-8081-exec-1]org.springframework.web.servlet.DispatcherServlet.initServletBean:547 -Completed initialization in 2 ms
2020-11-24 13:54:29.511 INFO  [http-nio-8081-exec-1]com.zaxxer.hikari.HikariDataSource.getConnection:110 -HikariPool-1 - Starting...
2020-11-24 13:54:29.986 INFO  [http-nio-8081-exec-1]com.zaxxer.hikari.HikariDataSource.getConnection:123 -HikariPool-1 - Start completed.
