2020-11-25 22:34:31.269 INFO  [main]com.MedicalApplication.logStarting:55 -Starting MedicalApplication using Java 1.8.0_202 on DESKTOP-VN7JL54 with PID 15896 (D:\资料文档\项目\后端\medical-parent\medical-base-web\target\classes started by 86188 in D:\资料文档\项目\后端\medical-parent)
2020-11-25 22:34:31.275 INFO  [main]com.MedicalApplication.logStartupProfileInfo:660 -No active profile set, falling back to default profiles: default
2020-11-25 22:34:35.315 INFO  [main]o.s.boot.web.embedded.tomcat.TomcatWebServer.initialize:108 -Tomcat initialized with port(s): 8081 (http)
2020-11-25 22:34:35.329 INFO  [main]org.apache.coyote.http11.Http11NioProtocol.log:173 -Initializing ProtocolHandler ["http-nio-8081"]
2020-11-25 22:34:35.330 INFO  [main]org.apache.catalina.core.StandardService.log:173 -Starting service [Tomcat]
2020-11-25 22:34:35.330 INFO  [main]org.apache.catalina.core.StandardEngine.log:173 -Starting Servlet engine: [Apache Tomcat/9.0.39]
2020-11-25 22:34:35.332 INFO  [main]org.apache.catalina.core.AprLifecycleListener.log:173 -Loaded Apache Tomcat Native library [1.2.23] using APR version [1.7.0].
2020-11-25 22:34:35.333 INFO  [main]org.apache.catalina.core.AprLifecycleListener.log:173 -APR capabilities: IPv6 [true], sendfile [true], accept filters [false], random [true].
2020-11-25 22:34:35.333 INFO  [main]org.apache.catalina.core.AprLifecycleListener.log:173 -APR/OpenSSL configuration: useAprConnector [false], useOpenSSL [true]
2020-11-25 22:34:35.351 INFO  [main]org.apache.catalina.core.AprLifecycleListener.log:173 -OpenSSL successfully initialized [OpenSSL 1.1.1c  28 May 2019]
2020-11-25 22:34:35.448 INFO  [main]o.a.catalina.core.ContainerBase.[Tomcat].[localhost].[/].log:173 -Initializing Spring embedded WebApplicationContext
2020-11-25 22:34:35.448 INFO  [main]o.s.b.w.s.context.ServletWebServerApplicationContext.prepareWebApplicationContext:289 -Root WebApplicationContext: initialization completed in 4109 ms
2020-11-25 22:34:36.675 INFO  [main]s.d.s.web.PropertySourcedRequestMappingHandlerMapping.initHandlerMethods:69 -Mapped URL path [/v2/api-docs] onto method [springfox.documentation.swagger2.web.Swagger2Controller#getDocumentation(String, HttpServletRequest)]
2020-11-25 22:34:36.777 INFO  [main]o.s.scheduling.concurrent.ThreadPoolTaskExecutor.initialize:181 -Initializing ExecutorService 'applicationTaskExecutor'
2020-11-25 22:34:36.966 INFO  [main]org.apache.coyote.http11.Http11NioProtocol.log:173 -Starting ProtocolHandler ["http-nio-8081"]
2020-11-25 22:34:36.983 INFO  [main]o.s.boot.web.embedded.tomcat.TomcatWebServer.start:220 -Tomcat started on port(s): 8081 (http) with context path ''
2020-11-25 22:34:36.984 INFO  [main]s.d.spring.web.plugins.DocumentationPluginsBootstrapper.start:147 -Context refreshed
2020-11-25 22:34:36.999 INFO  [main]s.d.spring.web.plugins.DocumentationPluginsBootstrapper.start:150 -Found 1 custom documentation plugin(s)
2020-11-25 22:34:37.029 INFO  [main]s.d.spring.web.scanners.ApiListingReferenceScanner.scan:41 -Scanning for api listing references
2020-11-25 22:34:37.130 INFO  [main]com.MedicalApplication.logStarted:61 -Started MedicalApplication in 6.502 seconds (JVM running for 8.271)
2020-11-25 22:34:46.463 INFO  [http-nio-8081-exec-1]o.a.catalina.core.ContainerBase.[Tomcat].[localhost].[/].log:173 -Initializing Spring DispatcherServlet 'dispatcherServlet'
2020-11-25 22:34:46.466 INFO  [http-nio-8081-exec-1]org.springframework.web.servlet.DispatcherServlet.initServletBean:525 -Initializing Servlet 'dispatcherServlet'
2020-11-25 22:34:46.468 INFO  [http-nio-8081-exec-1]org.springframework.web.servlet.DispatcherServlet.initServletBean:547 -Completed initialization in 2 ms
2020-11-25 22:49:10.917 INFO  [SpringContextShutdownHook]o.s.scheduling.concurrent.ThreadPoolTaskExecutor.shutdown:218 -Shutting down ExecutorService 'applicationTaskExecutor'
2020-11-25 22:49:16.566 INFO  [main]com.MedicalApplication.logStarting:55 -Starting MedicalApplication using Java 1.8.0_202 on DESKTOP-VN7JL54 with PID 8964 (D:\资料文档\项目\后端\medical-parent\medical-base-web\target\classes started by 86188 in D:\资料文档\项目\后端\medical-parent)
2020-11-25 22:49:16.576 INFO  [main]com.MedicalApplication.logStartupProfileInfo:660 -No active profile set, falling back to default profiles: default
2020-11-25 22:49:19.610 INFO  [main]o.s.boot.web.embedded.tomcat.TomcatWebServer.initialize:108 -Tomcat initialized with port(s): 8081 (http)
2020-11-25 22:49:19.618 INFO  [main]org.apache.coyote.http11.Http11NioProtocol.log:173 -Initializing ProtocolHandler ["http-nio-8081"]
2020-11-25 22:49:19.619 INFO  [main]org.apache.catalina.core.StandardService.log:173 -Starting service [Tomcat]
2020-11-25 22:49:19.619 INFO  [main]org.apache.catalina.core.StandardEngine.log:173 -Starting Servlet engine: [Apache Tomcat/9.0.39]
2020-11-25 22:49:19.621 INFO  [main]org.apache.catalina.core.AprLifecycleListener.log:173 -Loaded Apache Tomcat Native library [1.2.23] using APR version [1.7.0].
2020-11-25 22:49:19.621 INFO  [main]org.apache.catalina.core.AprLifecycleListener.log:173 -APR capabilities: IPv6 [true], sendfile [true], accept filters [false], random [true].
2020-11-25 22:49:19.622 INFO  [main]org.apache.catalina.core.AprLifecycleListener.log:173 -APR/OpenSSL configuration: useAprConnector [false], useOpenSSL [true]
2020-11-25 22:49:19.624 INFO  [main]org.apache.catalina.core.AprLifecycleListener.log:173 -OpenSSL successfully initialized [OpenSSL 1.1.1c  28 May 2019]
2020-11-25 22:49:19.696 INFO  [main]o.a.catalina.core.ContainerBase.[Tomcat].[localhost].[/].log:173 -Initializing Spring embedded WebApplicationContext
2020-11-25 22:49:19.696 INFO  [main]o.s.b.w.s.context.ServletWebServerApplicationContext.prepareWebApplicationContext:289 -Root WebApplicationContext: initialization completed in 3045 ms
2020-11-25 22:49:20.912 INFO  [main]s.d.s.web.PropertySourcedRequestMappingHandlerMapping.initHandlerMethods:69 -Mapped URL path [/v2/api-docs] onto method [springfox.documentation.swagger2.web.Swagger2Controller#getDocumentation(String, HttpServletRequest)]
2020-11-25 22:49:20.982 INFO  [main]o.s.scheduling.concurrent.ThreadPoolTaskExecutor.initialize:181 -Initializing ExecutorService 'applicationTaskExecutor'
2020-11-25 22:49:21.144 INFO  [main]org.apache.coyote.http11.Http11NioProtocol.log:173 -Starting ProtocolHandler ["http-nio-8081"]
2020-11-25 22:49:21.159 INFO  [main]o.s.boot.web.embedded.tomcat.TomcatWebServer.start:220 -Tomcat started on port(s): 8081 (http) with context path ''
2020-11-25 22:49:21.160 INFO  [main]s.d.spring.web.plugins.DocumentationPluginsBootstrapper.start:147 -Context refreshed
2020-11-25 22:49:21.172 INFO  [main]s.d.spring.web.plugins.DocumentationPluginsBootstrapper.start:150 -Found 1 custom documentation plugin(s)
2020-11-25 22:49:21.207 INFO  [main]s.d.spring.web.scanners.ApiListingReferenceScanner.scan:41 -Scanning for api listing references
2020-11-25 22:49:21.320 INFO  [main]com.MedicalApplication.logStarted:61 -Started MedicalApplication in 5.336 seconds (JVM running for 6.194)
2020-11-25 22:50:07.183 INFO  [http-nio-8081-exec-1]o.a.catalina.core.ContainerBase.[Tomcat].[localhost].[/].log:173 -Initializing Spring DispatcherServlet 'dispatcherServlet'
2020-11-25 22:50:07.184 INFO  [http-nio-8081-exec-1]org.springframework.web.servlet.DispatcherServlet.initServletBean:525 -Initializing Servlet 'dispatcherServlet'
2020-11-25 22:50:07.186 INFO  [http-nio-8081-exec-1]org.springframework.web.servlet.DispatcherServlet.initServletBean:547 -Completed initialization in 2 ms
2020-11-25 22:50:56.246 INFO  [SpringContextShutdownHook]o.s.scheduling.concurrent.ThreadPoolTaskExecutor.shutdown:218 -Shutting down ExecutorService 'applicationTaskExecutor'
2020-11-25 22:51:00.824 INFO  [main]com.MedicalApplication.logStarting:55 -Starting MedicalApplication using Java 1.8.0_202 on DESKTOP-VN7JL54 with PID 14188 (D:\资料文档\项目\后端\medical-parent\medical-base-web\target\classes started by 86188 in D:\资料文档\项目\后端\medical-parent)
2020-11-25 22:51:00.827 INFO  [main]com.MedicalApplication.logStartupProfileInfo:660 -No active profile set, falling back to default profiles: default
2020-11-25 22:51:03.630 INFO  [main]o.s.boot.web.embedded.tomcat.TomcatWebServer.initialize:108 -Tomcat initialized with port(s): 8081 (http)
2020-11-25 22:51:03.638 INFO  [main]org.apache.coyote.http11.Http11NioProtocol.log:173 -Initializing ProtocolHandler ["http-nio-8081"]
2020-11-25 22:51:03.639 INFO  [main]org.apache.catalina.core.StandardService.log:173 -Starting service [Tomcat]
2020-11-25 22:51:03.640 INFO  [main]org.apache.catalina.core.StandardEngine.log:173 -Starting Servlet engine: [Apache Tomcat/9.0.39]
2020-11-25 22:51:03.641 INFO  [main]org.apache.catalina.core.AprLifecycleListener.log:173 -Loaded Apache Tomcat Native library [1.2.23] using APR version [1.7.0].
2020-11-25 22:51:03.642 INFO  [main]org.apache.catalina.core.AprLifecycleListener.log:173 -APR capabilities: IPv6 [true], sendfile [true], accept filters [false], random [true].
2020-11-25 22:51:03.642 INFO  [main]org.apache.catalina.core.AprLifecycleListener.log:173 -APR/OpenSSL configuration: useAprConnector [false], useOpenSSL [true]
2020-11-25 22:51:03.644 INFO  [main]org.apache.catalina.core.AprLifecycleListener.log:173 -OpenSSL successfully initialized [OpenSSL 1.1.1c  28 May 2019]
2020-11-25 22:51:03.722 INFO  [main]o.a.catalina.core.ContainerBase.[Tomcat].[localhost].[/].log:173 -Initializing Spring embedded WebApplicationContext
2020-11-25 22:51:03.723 INFO  [main]o.s.b.w.s.context.ServletWebServerApplicationContext.prepareWebApplicationContext:289 -Root WebApplicationContext: initialization completed in 2838 ms
2020-11-25 22:51:04.723 INFO  [main]s.d.s.web.PropertySourcedRequestMappingHandlerMapping.initHandlerMethods:69 -Mapped URL path [/v2/api-docs] onto method [springfox.documentation.swagger2.web.Swagger2Controller#getDocumentation(String, HttpServletRequest)]
2020-11-25 22:51:04.788 INFO  [main]o.s.scheduling.concurrent.ThreadPoolTaskExecutor.initialize:181 -Initializing ExecutorService 'applicationTaskExecutor'
2020-11-25 22:51:04.947 INFO  [main]org.apache.coyote.http11.Http11NioProtocol.log:173 -Starting ProtocolHandler ["http-nio-8081"]
2020-11-25 22:51:04.962 INFO  [main]o.s.boot.web.embedded.tomcat.TomcatWebServer.start:220 -Tomcat started on port(s): 8081 (http) with context path ''
2020-11-25 22:51:04.963 INFO  [main]s.d.spring.web.plugins.DocumentationPluginsBootstrapper.start:147 -Context refreshed
2020-11-25 22:51:04.973 INFO  [main]s.d.spring.web.plugins.DocumentationPluginsBootstrapper.start:150 -Found 1 custom documentation plugin(s)
2020-11-25 22:51:05.004 INFO  [main]s.d.spring.web.scanners.ApiListingReferenceScanner.scan:41 -Scanning for api listing references
2020-11-25 22:51:05.103 INFO  [main]com.MedicalApplication.logStarted:61 -Started MedicalApplication in 4.857 seconds (JVM running for 5.77)
2020-11-25 22:51:16.670 INFO  [http-nio-8081-exec-1]o.a.catalina.core.ContainerBase.[Tomcat].[localhost].[/].log:173 -Initializing Spring DispatcherServlet 'dispatcherServlet'
2020-11-25 22:51:16.671 INFO  [http-nio-8081-exec-1]org.springframework.web.servlet.DispatcherServlet.initServletBean:525 -Initializing Servlet 'dispatcherServlet'
2020-11-25 22:51:16.673 INFO  [http-nio-8081-exec-1]org.springframework.web.servlet.DispatcherServlet.initServletBean:547 -Completed initialization in 2 ms
